{"name": "Проверка что в ленте заказов появляется № текущего заказа в поле <В работе> и счетчики заказов увеличились", "status": "failed", "statusDetails": {"message": "AssertionError: assert ('0116097' == '0116098'\n  \n  - 0116098\n  ?       ^\n  + 0116097\n  ?       ^)", "trace": "self = <test_main_page.TestMainPage object at 0x000002ACBB052F60>, main_page = <pages.main_page.MainPage object at 0x000002ACBB5341A0>\n\n    @allure.title('Проверка что в ленте заказов появляется № текущего заказа в поле <В работе> и счетчики заказов увеличились')\n    def test_current_order_in_the_work(self, main_page):\n        main_page.authorize()\n        main_page.click_orders()\n        total_cnt_start = main_page.get_total_orders_count()\n        today_cnt_start = main_page.get_today_orders_count()\n        main_page.wait_ready_to_work()\n        main_page.click_constructor()\n        main_page.make_order()\n        num = main_page.get_current_orders_num()\n        main_page.click_orders()\n        n_order_in_work = main_page.get_orders_in_work()\n        total_cnt_end = main_page.get_total_orders_count()\n        today_cnt_end = main_page.get_today_orders_count()\n    \n>       assert n_order_in_work == '0' + num and total_cnt_end > total_cnt_start and today_cnt_end > today_cnt_start\nE       AssertionError: assert ('0116097' == '0116098'\nE         \nE         - 0116098\nE         ?       ^\nE         + 0116097\nE         ?       ^)\n\ntests\\test_main_page.py:78: AssertionError"}, "steps": [{"name": "Авторизуемся под заранее созданным тестовым пользователем", "status": "passed", "start": 1725740848981, "stop": 1725740849648}, {"name": "Нажимаем кнопку <Лента заказов> в верху главной страницы", "status": "passed", "start": 1725740849648, "stop": 1725740850049}, {"name": "Получаем значение общего счетчика заказов", "status": "passed", "start": 1725740850049, "stop": 1725740850641}, {"name": "Получаем значение сегодняшнего счетчика заказов", "status": "passed", "start": 1725740850641, "stop": 1725740850676}, {"name": "Ждем пока работа с текущими заказами закончится и статус поля <В работе> станет <Все текущие заказы готовы!>", "status": "passed", "start": 1725740850676, "stop": 1725740850721}, {"name": "Переходим по кнопке <Конструктор>", "status": "passed", "start": 1725740850721, "stop": 1725740850815}, {"name": "Добавляем ингредиент для тестового бургера в корзину и нажимаем кнопку <Оформить Заказ>", "status": "passed", "steps": [{"name": "Перетаскиваем ингредиент в корзину заказа", "status": "passed", "start": 1725740850816, "stop": 1725740850911}], "start": 1725740850815, "stop": 1725740850993}, {"name": "Ждем, пока в модальном окне текущего заказа 9999 сменится на № текущего заказа, передаем его в тест и закрываем модальное окно", "status": "passed", "start": 1725740850993, "stop": 1725740852729}, {"name": "Нажимаем кнопку <Лента заказов> в верху главной страницы", "status": "passed", "start": 1725740852729, "stop": 1725740852956}, {"name": "Получаем статус поля <В работе> с номером текущего заказа", "status": "passed", "start": 1725740852956, "stop": 1725740854101}, {"name": "Получаем значение общего счетчика заказов", "status": "passed", "start": 1725740854102, "stop": 1725740854133}, {"name": "Получаем значение сегодняшнего счетчика заказов", "status": "passed", "start": 1725740854133, "stop": 1725740854165}], "parameters": [{"name": "driver", "value": "'chrome'"}], "start": 1725740848980, "stop": 1725740854165, "uuid": "07da9227-7e95-4466-872b-3d3bd5e89a57", "historyId": "5096e306c2fa9d174854ac304134b085", "testCaseId": "0f220149cba656c9d81b746298061319", "fullName": "tests.test_main_page.TestMainPage#test_current_order_in_the_work", "labels": [{"name": "parentSuite", "value": "tests"}, {"name": "suite", "value": "test_main_page"}, {"name": "subSuite", "value": "TestMainPage"}, {"name": "host", "value": "Home-PC"}, {"name": "thread", "value": "7104-MainThread"}, {"name": "framework", "value": "pytest"}, {"name": "language", "value": "cpython3"}, {"name": "package", "value": "tests.test_main_page"}]}